{"logTime": "0523/151214", "correlationVector":"U1Iqf2TebHVlkI4WKTH2/R.1","action":"SyncServerConnectionManagerRequest", "result":"SYNC_SERVER_OK", "context":{"environment":"Prod_WestEurope_x00e", "migrationStage":"NotStarted", "server":"GENERAL0100000O"}}
{"logTime": "0523/151214", "correlationVector":"U1Iqf2TebHVlkI4WKTH2/R","action":"Initial GetUpdates", "result":"", "context":Reason: NEW_CLIENT. cV=U1Iqf2TebHVlkI4WKTH2/R}
{"logTime": "0523/151214", "correlationVector":"U1Iqf2TebHVlkI4WKTH2/R.2","action":"GetUpdates Response", "result":"Success", "context":Received 1 update(s). cV=U1Iqf2TebHVlkI4WKTH2/R.0;server=GENERAL0100000O;cloudType=Consumer;environment=Prod_WestEurope_x00e;migrationStage=NotStarted}
{"logTime": "0523/151238", "correlationVector":"GvZA3iYvwKwtg65Rd2mwyG","action":"SyncServerConnectionManagerRequest", "result":"SYNC_SERVER_OK", "context":{"environment":"", "migrationStage":"", "server":""}}
{"logTime": "0523/151238", "correlationVector":"JI19Nsh+tnax6j5TDikqLa","action":"Initial GetUpdates", "result":"", "context":Reason: NEW_CLIENT. cV=JI19Nsh+tnax6j5TDikqLa}
{"logTime": "0523/151239", "correlationVector":"JI19Nsh+tnax6j5TDikqLa.1","action":"SyncServerConnectionManagerRequest", "result":"SYNC_SERVER_OK", "context":{"environment":"Prod_WestEurope_000l", "migrationStage":"NotStarted", "server":"GENERAL01000018"}}
{"logTime": "0523/151239", "correlationVector":"JI19Nsh+tnax6j5TDikqLa.2","action":"GetUpdates Response", "result":"Success", "context":Received 0 update(s). cV=JI19Nsh+tnax6j5TDikqLa.0;server=GENERAL01000018;cloudType=Consumer;environment=Prod_WestEurope_000l;migrationStage=NotStarted}
{"logTime": "0523/151239", "correlationVector":"X0bCzMD5PSwPOXi68MTRmF","action":"Initial GetUpdates", "result":"", "context":Reason: NEW_CLIENT. cV=X0bCzMD5PSwPOXi68MTRmF}
{"logTime": "0523/151240", "correlationVector":"X0bCzMD5PSwPOXi68MTRmF.1","action":"SyncServerConnectionManagerRequest", "result":"SYNC_SERVER_OK", "context":{"environment":"Prod_WestEurope_000l", "migrationStage":"NotStarted", "server":"general0100001B"}}
{"logTime": "0523/151240", "correlationVector":"X0bCzMD5PSwPOXi68MTRmF.2","action":"GetUpdates Response", "result":"Success", "context":Received 5 update(s). cV=X0bCzMD5PSwPOXi68MTRmF.0;server=general0100001B;cloudType=Consumer;environment=Prod_WestEurope_000l;migrationStage=NotStarted}
{"logTime": "0523/151240", "correlationVector":"vGCrjKQNYltxvjr92JqLEa","action":"Initial GetUpdates", "result":"", "context":Reason: NEW_CLIENT. cV=vGCrjKQNYltxvjr92JqLEa}
{"logTime": "0523/151240", "correlationVector":"vGCrjKQNYltxvjr92JqLEa.1","action":"SyncServerConnectionManagerRequest", "result":"SYNC_SERVER_OK", "context":{"environment":"Prod_WestEurope_000l", "migrationStage":"NotStarted", "server":"GENERAL0100000V"}}
{"logTime": "0523/151240", "correlationVector":"vGCrjKQNYltxvjr92JqLEa.2","action":"GetUpdates Response", "result":"Success", "context":Received 1 update(s). cV=vGCrjKQNYltxvjr92JqLEa.0;server=GENERAL0100000V;cloudType=Consumer;environment=Prod_WestEurope_000l;migrationStage=NotStarted}
{"logTime": "0523/151240", "correlationVector":"UHCLM95of2ixYw4IOaDzlf","action":"Normal GetUpdate request", "result":"", "context":cV=UHCLM95of2ixYw4IOaDzlf
Nudged types: Preferences, Device Info, User Consents
Refresh requested types: Bookmarks, Preferences, Passwords, Autofill Profiles, Autofill, Extensions, Extension settings, Device Info, User Consents, Send Tab To Self, Web Apps, Collection, Edge E Drop, Edge Hub App Usage, Edge Wallet, Encryption Keys}
{"logTime": "0523/151241", "correlationVector":"UHCLM95of2ixYw4IOaDzlf.1","action":"SyncServerConnectionManagerRequest", "result":"SYNC_SERVER_OK", "context":{"environment":"Prod_WestEurope_000l", "migrationStage":"NotStarted", "server":"general01000007"}}
{"logTime": "0523/151241", "correlationVector":"UHCLM95of2ixYw4IOaDzlf.2","action":"GetUpdates Response", "result":"Success", "context":Received 0 update(s). cV=UHCLM95of2ixYw4IOaDzlf.0;server=general01000007;cloudType=Consumer;environment=Prod_WestEurope_000l;migrationStage=NotStarted}
{"logTime": "0523/151241", "correlationVector":"3PkBDmBGwnF0lUm3oYarOS","action":"Commit Request", "result":"", "context":Item count: 23
Contributing types: Preferences, Device Info, User Consents}
{"logTime": "0523/151242", "correlationVector":"3PkBDmBGwnF0lUm3oYarOS.1","action":"SyncServerConnectionManagerRequest", "result":"SYNC_SERVER_OK", "context":{"environment":"Prod_WestEurope_000l", "migrationStage":"NotStarted", "server":"GENERAL01000019"}}
{"logTime": "0523/151242", "correlationVector":"3PkBDmBGwnF0lUm3oYarOS.2","action":"Commit Response", "result":"Success", "context":Result: Success. cV=3PkBDmBGwnF0lUm3oYarOS.0;server=GENERAL01000019;cloudType=Consumer;environment=Prod_WestEurope_000l;migrationStage=NotStarted}
{"logTime": "0523/151243", "correlationVector":"qXMeIn5hPPlDVPdufIiq2N","action":"Normal GetUpdate request", "result":"", "context":cV=qXMeIn5hPPlDVPdufIiq2N
Nudged types: Preferences, Device Info}
{"logTime": "0523/151243", "correlationVector":"qXMeIn5hPPlDVPdufIiq2N.1","action":"SyncServerConnectionManagerRequest", "result":"SYNC_SERVER_OK", "context":{"environment":"Prod_WestEurope_000l", "migrationStage":"NotStarted", "server":"general0100000U"}}
{"logTime": "0523/151243", "correlationVector":"qXMeIn5hPPlDVPdufIiq2N.2","action":"GetUpdates Response", "result":"Success", "context":Received 22 update(s). cV=qXMeIn5hPPlDVPdufIiq2N.0;server=general0100000U;cloudType=Consumer;environment=Prod_WestEurope_000l;migrationStage=NotStarted}
{"logTime": "0523/151254", "correlationVector":"bfV4L2ELRqZvhpvXjrYD3H","action":"Normal GetUpdate request", "result":"", "context":cV=bfV4L2ELRqZvhpvXjrYD3H
Nudged types: Preferences}
{"logTime": "0523/151256", "correlationVector":"bfV4L2ELRqZvhpvXjrYD3H.1","action":"SyncServerConnectionManagerRequest", "result":"SYNC_SERVER_OK", "context":{"environment":"Prod_WestEurope_x00e", "migrationStage":"NotStarted", "server":"GENERAL0100000Q"}}
{"logTime": "0523/151256", "correlationVector":"bfV4L2ELRqZvhpvXjrYD3H.2","action":"GetUpdates Response", "result":"Success", "context":Received 0 update(s). cV=bfV4L2ELRqZvhpvXjrYD3H.0;server=GENERAL0100000Q;cloudType=Consumer;environment=Prod_WestEurope_x00e;migrationStage=NotStarted}
{"logTime": "0523/151256", "correlationVector":"ChiJ8i7ex5WY6zykM7ihtf","action":"Commit Request", "result":"", "context":Item count: 1
Contributing types: Preferences}
{"logTime": "0523/151257", "correlationVector":"ChiJ8i7ex5WY6zykM7ihtf.1","action":"SyncServerConnectionManagerRequest", "result":"SYNC_SERVER_OK", "context":{"environment":"Prod_WestEurope_x00e", "migrationStage":"NotStarted", "server":"GENERAL0100001W"}}
{"logTime": "0523/151257", "correlationVector":"ChiJ8i7ex5WY6zykM7ihtf.2","action":"Commit Response", "result":"Success", "context":Result: Success. cV=ChiJ8i7ex5WY6zykM7ihtf.0;server=GENERAL0100001W;cloudType=Consumer;environment=Prod_WestEurope_x00e;migrationStage=NotStarted}
{"logTime": "0523/151713", "correlationVector":"c6ahUBzm8wd1e3wKSbFJgL","action":"Normal GetUpdate request", "result":"", "context":cV=c6ahUBzm8wd1e3wKSbFJgL
Refresh requested types: Bookmarks, Preferences, Passwords, Autofill Profiles, Autofill, Extensions, Extension settings, Device Info, User Consents, Send Tab To Self, Web Apps, Collection, Edge E Drop, Edge Hub App Usage, Edge Wallet, Encryption Keys}
{"logTime": "0523/151715", "correlationVector":"c6ahUBzm8wd1e3wKSbFJgL.1","action":"SyncServerConnectionManagerRequest", "result":"SYNC_SERVER_OK", "context":{"environment":"Prod_WestEurope_x00e", "migrationStage":"NotStarted", "server":"GENERAL0200003A"}}
{"logTime": "0523/151715", "correlationVector":"c6ahUBzm8wd1e3wKSbFJgL.2","action":"GetUpdates Response", "result":"Success", "context":Received 1 update(s). cV=c6ahUBzm8wd1e3wKSbFJgL.0;server=GENERAL0200003A;cloudType=Consumer;environment=Prod_WestEurope_x00e;migrationStage=NotStarted}
{"logTime": "0523/151715", "correlationVector":"nm025vDu2VvomqXBehHYBp","action":"Commit Request", "result":"", "context":Item count: 1
Contributing types: Preferences}
{"logTime": "0523/151715", "correlationVector":"nm025vDu2VvomqXBehHYBp.1","action":"SyncServerConnectionManagerRequest", "result":"SYNC_SERVER_OK", "context":{"environment":"Prod_WestEurope_x00e", "migrationStage":"NotStarted", "server":"general0100000F"}}
{"logTime": "0523/151715", "correlationVector":"nm025vDu2VvomqXBehHYBp.2","action":"Commit Response", "result":"Success", "context":Result: Success. cV=nm025vDu2VvomqXBehHYBp.0;server=general0100000F;cloudType=Consumer;environment=Prod_WestEurope_x00e;migrationStage=NotStarted}
